<?xml version="1.0" encoding="UTF-8"?>
<testng-results ignored="0" total="6" passed="6" failed="0" skipped="0">
  <reporter-output>
  </reporter-output>
  <suite started-at="2025-08-12T15:07:35 WIB" name="CuraHealthcare Test Suite" finished-at="2025-08-12T15:08:53 WIB" duration-ms="77958">
    <groups>
      <group name="cucumber">
        <method signature="AbstractTestNGCucumberTests.runScenario(io.cucumber.testng.PickleWrapper,io.cucumber.testng.FeatureWrapper)[pri:0, instance:com.Tohsaka.Cucumber.runners.RunnerCuraHealthcareTest@f5ac9e4]" name="runScenario" class="io.cucumber.testng.AbstractTestNGCucumberTests"/>
      </group> <!-- cucumber -->
    </groups>
    <test started-at="2025-08-12T15:07:35 WIB" name="Authentication" finished-at="2025-08-12T15:08:53 WIB" duration-ms="77958">
      <class name="com.Tohsaka.Cucumber.runners.RunnerCuraHealthcareTest">
        <test-method is-config="true" signature="setUpClass(org.testng.ITestContext)[pri:0, instance:com.Tohsaka.Cucumber.runners.RunnerCuraHealthcareTest@f5ac9e4]" started-at="2025-08-12T15:07:35 WIB" name="setUpClass" finished-at="2025-08-12T15:07:35 WIB" duration-ms="299" status="PASS">
          <params>
            <param index="0">
              <value>
                <![CDATA[org.testng.TestRunner@76e6c070]]>
              </value>
            </param>
          </params>
          <reporter-output>
          </reporter-output>
        </test-method> <!-- setUpClass -->
        <test-method signature="runScenario(io.cucumber.testng.PickleWrapper,io.cucumber.testng.FeatureWrapper)[pri:0, instance:com.Tohsaka.Cucumber.runners.RunnerCuraHealthcareTest@f5ac9e4]" started-at="2025-08-12T15:07:35 WIB" name="runScenario" description="Runs Cucumber Scenarios" data-provider="scenarios" finished-at="2025-08-12T15:07:49 WIB" duration-ms="13523" status="PASS">
          <params>
            <param index="0">
              <value>
                <![CDATA["Negative Sign In"]]>
              </value>
            </param>
            <param index="1">
              <value>
                <![CDATA["Authentication Feature"]]>
              </value>
            </param>
          </params>
          <reporter-output>
          </reporter-output>
        </test-method> <!-- runScenario -->
        <test-method signature="runScenario(io.cucumber.testng.PickleWrapper,io.cucumber.testng.FeatureWrapper)[pri:0, instance:com.Tohsaka.Cucumber.runners.RunnerCuraHealthcareTest@f5ac9e4]" started-at="2025-08-12T15:07:49 WIB" name="runScenario" description="Runs Cucumber Scenarios" data-provider="scenarios" finished-at="2025-08-12T15:07:56 WIB" duration-ms="7817" status="PASS">
          <params>
            <param index="0">
              <value>
                <![CDATA["Negative Sign In"]]>
              </value>
            </param>
            <param index="1">
              <value>
                <![CDATA["Authentication Feature"]]>
              </value>
            </param>
          </params>
          <reporter-output>
          </reporter-output>
        </test-method> <!-- runScenario -->
        <test-method signature="runScenario(io.cucumber.testng.PickleWrapper,io.cucumber.testng.FeatureWrapper)[pri:0, instance:com.Tohsaka.Cucumber.runners.RunnerCuraHealthcareTest@f5ac9e4]" started-at="2025-08-12T15:07:56 WIB" name="runScenario" description="Runs Cucumber Scenarios" data-provider="scenarios" finished-at="2025-08-12T15:08:12 WIB" duration-ms="15202" status="PASS">
          <params>
            <param index="0">
              <value>
                <![CDATA["Positive Sign In"]]>
              </value>
            </param>
            <param index="1">
              <value>
                <![CDATA["Authentication Feature"]]>
              </value>
            </param>
          </params>
          <reporter-output>
          </reporter-output>
        </test-method> <!-- runScenario -->
        <test-method signature="runScenario(io.cucumber.testng.PickleWrapper,io.cucumber.testng.FeatureWrapper)[pri:0, instance:com.Tohsaka.Cucumber.runners.RunnerCuraHealthcareTest@f5ac9e4]" started-at="2025-08-12T15:08:12 WIB" name="runScenario" description="Runs Cucumber Scenarios" data-provider="scenarios" finished-at="2025-08-12T15:08:21 WIB" duration-ms="9094" status="PASS">
          <params>
            <param index="0">
              <value>
                <![CDATA["Positive Booking Appointment"]]>
              </value>
            </param>
            <param index="1">
              <value>
                <![CDATA["Booking Feature"]]>
              </value>
            </param>
          </params>
          <reporter-output>
          </reporter-output>
        </test-method> <!-- runScenario -->
        <test-method signature="runScenario(io.cucumber.testng.PickleWrapper,io.cucumber.testng.FeatureWrapper)[pri:0, instance:com.Tohsaka.Cucumber.runners.RunnerCuraHealthcareTest@f5ac9e4]" started-at="2025-08-12T15:08:21 WIB" name="runScenario" description="Runs Cucumber Scenarios" data-provider="scenarios" finished-at="2025-08-12T15:08:40 WIB" duration-ms="19254" status="PASS">
          <params>
            <param index="0">
              <value>
                <![CDATA["Positive Booking Appointment"]]>
              </value>
            </param>
            <param index="1">
              <value>
                <![CDATA["Booking Feature"]]>
              </value>
            </param>
          </params>
          <reporter-output>
          </reporter-output>
        </test-method> <!-- runScenario -->
        <test-method signature="runScenario(io.cucumber.testng.PickleWrapper,io.cucumber.testng.FeatureWrapper)[pri:0, instance:com.Tohsaka.Cucumber.runners.RunnerCuraHealthcareTest@f5ac9e4]" started-at="2025-08-12T15:08:40 WIB" name="runScenario" description="Runs Cucumber Scenarios" data-provider="scenarios" finished-at="2025-08-12T15:08:50 WIB" duration-ms="10404" status="PASS">
          <params>
            <param index="0">
              <value>
                <![CDATA["Positive Booking Appointment"]]>
              </value>
            </param>
            <param index="1">
              <value>
                <![CDATA["Booking Feature"]]>
              </value>
            </param>
          </params>
          <reporter-output>
          </reporter-output>
        </test-method> <!-- runScenario -->
        <test-method is-config="true" signature="tearDownClass()[pri:0, instance:com.Tohsaka.Cucumber.runners.RunnerCuraHealthcareTest@f5ac9e4]" started-at="2025-08-12T15:08:50 WIB" name="tearDownClass" finished-at="2025-08-12T15:08:53 WIB" duration-ms="2337" status="PASS">
          <reporter-output>
          </reporter-output>
        </test-method> <!-- tearDownClass -->
      </class> <!-- com.Tohsaka.Cucumber.runners.RunnerCuraHealthcareTest -->
    </test> <!-- Authentication -->
  </suite> <!-- CuraHealthcare Test Suite -->
</testng-results>
