<?xml version="1.0" encoding="UTF-8"?>
<testng-results ignored="0" total="6" passed="6" failed="0" skipped="0">
  <reporter-output>
  </reporter-output>
  <suite started-at="2025-08-12T16:42:45 WIB" name="CuraHealthcare Test Suite" finished-at="2025-08-12T16:46:16 WIB" duration-ms="210822">
    <groups>
      <group name="cucumber">
        <method signature="AbstractTestNGCucumberTests.runScenario(io.cucumber.testng.PickleWrapper,io.cucumber.testng.FeatureWrapper)[pri:0, instance:com.Tohsaka.Cucumber.runners.RunnerCuraHealthcareTest@f5ac9e4]" name="runScenario" class="io.cucumber.testng.AbstractTestNGCucumberTests"/>
      </group> <!-- cucumber -->
    </groups>
    <test started-at="2025-08-12T16:42:45 WIB" name="Authentication" finished-at="2025-08-12T16:46:16 WIB" duration-ms="210822">
      <class name="com.Tohsaka.Cucumber.runners.RunnerCuraHealthcareTest">
        <test-method is-config="true" signature="setUpClass(org.testng.ITestContext)[pri:0, instance:com.Tohsaka.Cucumber.runners.RunnerCuraHealthcareTest@f5ac9e4]" started-at="2025-08-12T16:42:45 WIB" name="setUpClass" finished-at="2025-08-12T16:42:45 WIB" duration-ms="296" status="PASS">
          <params>
            <param index="0">
              <value>
                <![CDATA[org.testng.TestRunner@76e6c070]]>
              </value>
            </param>
          </params>
          <reporter-output>
          </reporter-output>
        </test-method> <!-- setUpClass -->
        <test-method signature="runScenario(io.cucumber.testng.PickleWrapper,io.cucumber.testng.FeatureWrapper)[pri:0, instance:com.Tohsaka.Cucumber.runners.RunnerCuraHealthcareTest@f5ac9e4]" started-at="2025-08-12T16:42:45 WIB" name="runScenario" description="Runs Cucumber Scenarios" data-provider="scenarios" finished-at="2025-08-12T16:43:31 WIB" duration-ms="46190" status="PASS">
          <params>
            <param index="0">
              <value>
                <![CDATA["Negative Sign In"]]>
              </value>
            </param>
            <param index="1">
              <value>
                <![CDATA["Authentication Feature"]]>
              </value>
            </param>
          </params>
          <reporter-output>
          </reporter-output>
        </test-method> <!-- runScenario -->
        <test-method signature="runScenario(io.cucumber.testng.PickleWrapper,io.cucumber.testng.FeatureWrapper)[pri:0, instance:com.Tohsaka.Cucumber.runners.RunnerCuraHealthcareTest@f5ac9e4]" started-at="2025-08-12T16:43:31 WIB" name="runScenario" description="Runs Cucumber Scenarios" data-provider="scenarios" finished-at="2025-08-12T16:43:59 WIB" duration-ms="27656" status="PASS">
          <params>
            <param index="0">
              <value>
                <![CDATA["Negative Sign In"]]>
              </value>
            </param>
            <param index="1">
              <value>
                <![CDATA["Authentication Feature"]]>
              </value>
            </param>
          </params>
          <reporter-output>
          </reporter-output>
        </test-method> <!-- runScenario -->
        <test-method signature="runScenario(io.cucumber.testng.PickleWrapper,io.cucumber.testng.FeatureWrapper)[pri:0, instance:com.Tohsaka.Cucumber.runners.RunnerCuraHealthcareTest@f5ac9e4]" started-at="2025-08-12T16:43:59 WIB" name="runScenario" description="Runs Cucumber Scenarios" data-provider="scenarios" finished-at="2025-08-12T16:44:20 WIB" duration-ms="21568" status="PASS">
          <params>
            <param index="0">
              <value>
                <![CDATA["Positive Sign In"]]>
              </value>
            </param>
            <param index="1">
              <value>
                <![CDATA["Authentication Feature"]]>
              </value>
            </param>
          </params>
          <reporter-output>
          </reporter-output>
        </test-method> <!-- runScenario -->
        <test-method signature="runScenario(io.cucumber.testng.PickleWrapper,io.cucumber.testng.FeatureWrapper)[pri:0, instance:com.Tohsaka.Cucumber.runners.RunnerCuraHealthcareTest@f5ac9e4]" started-at="2025-08-12T16:44:20 WIB" name="runScenario" description="Runs Cucumber Scenarios" data-provider="scenarios" finished-at="2025-08-12T16:44:54 WIB" duration-ms="33250" status="PASS">
          <params>
            <param index="0">
              <value>
                <![CDATA["Positive Booking Appointment"]]>
              </value>
            </param>
            <param index="1">
              <value>
                <![CDATA["Booking Feature"]]>
              </value>
            </param>
          </params>
          <reporter-output>
          </reporter-output>
        </test-method> <!-- runScenario -->
        <test-method signature="runScenario(io.cucumber.testng.PickleWrapper,io.cucumber.testng.FeatureWrapper)[pri:0, instance:com.Tohsaka.Cucumber.runners.RunnerCuraHealthcareTest@f5ac9e4]" started-at="2025-08-12T16:44:54 WIB" name="runScenario" description="Runs Cucumber Scenarios" data-provider="scenarios" finished-at="2025-08-12T16:45:30 WIB" duration-ms="35962" status="PASS">
          <params>
            <param index="0">
              <value>
                <![CDATA["Positive Booking Appointment"]]>
              </value>
            </param>
            <param index="1">
              <value>
                <![CDATA["Booking Feature"]]>
              </value>
            </param>
          </params>
          <reporter-output>
          </reporter-output>
        </test-method> <!-- runScenario -->
        <test-method signature="runScenario(io.cucumber.testng.PickleWrapper,io.cucumber.testng.FeatureWrapper)[pri:0, instance:com.Tohsaka.Cucumber.runners.RunnerCuraHealthcareTest@f5ac9e4]" started-at="2025-08-12T16:45:30 WIB" name="runScenario" description="Runs Cucumber Scenarios" data-provider="scenarios" finished-at="2025-08-12T16:46:13 WIB" duration-ms="43524" status="PASS">
          <params>
            <param index="0">
              <value>
                <![CDATA["Positive Booking Appointment"]]>
              </value>
            </param>
            <param index="1">
              <value>
                <![CDATA["Booking Feature"]]>
              </value>
            </param>
          </params>
          <reporter-output>
          </reporter-output>
        </test-method> <!-- runScenario -->
        <test-method is-config="true" signature="tearDownClass()[pri:0, instance:com.Tohsaka.Cucumber.runners.RunnerCuraHealthcareTest@f5ac9e4]" started-at="2025-08-12T16:46:13 WIB" name="tearDownClass" finished-at="2025-08-12T16:46:16 WIB" duration-ms="2347" status="PASS">
          <reporter-output>
          </reporter-output>
        </test-method> <!-- tearDownClass -->
      </class> <!-- com.Tohsaka.Cucumber.runners.RunnerCuraHealthcareTest -->
    </test> <!-- Authentication -->
  </suite> <!-- CuraHealthcare Test Suite -->
</testng-results>
