<?xml version="1.0" encoding="UTF-8"?>
<testng-results ignored="0" total="6" passed="6" failed="0" skipped="0">
  <reporter-output>
  </reporter-output>
  <suite started-at="2025-08-28T10:20:59 WIB" name="CuraHealthcare Test Suite" finished-at="2025-08-28T10:21:49 WIB" duration-ms="49530">
    <groups>
      <group name="cucumber">
        <method signature="AbstractTestNGCucumberTests.runScenario(io.cucumber.testng.PickleWrapper,io.cucumber.testng.FeatureWrapper)[pri:0, instance:com.Tohsaka.Cucumber.runners.RunnerCuraHealthcareTest@5656be13]" name="runScenario" class="io.cucumber.testng.AbstractTestNGCucumberTests"/>
      </group> <!-- cucumber -->
    </groups>
    <test started-at="2025-08-28T10:20:59 WIB" name="Authentication" finished-at="2025-08-28T10:21:49 WIB" duration-ms="49530">
      <class name="com.Tohsaka.Cucumber.runners.RunnerCuraHealthcareTest">
        <test-method is-config="true" signature="setUpClass(org.testng.ITestContext)[pri:0, instance:com.Tohsaka.Cucumber.runners.RunnerCuraHealthcareTest@5656be13]" started-at="2025-08-28T10:20:59 WIB" name="setUpClass" finished-at="2025-08-28T10:21:00 WIB" duration-ms="297" status="PASS">
          <params>
            <param index="0">
              <value>
                <![CDATA[org.testng.TestRunner@240a2619]]>
              </value>
            </param>
          </params>
          <reporter-output>
          </reporter-output>
        </test-method> <!-- setUpClass -->
        <test-method signature="runScenario(io.cucumber.testng.PickleWrapper,io.cucumber.testng.FeatureWrapper)[pri:0, instance:com.Tohsaka.Cucumber.runners.RunnerCuraHealthcareTest@5656be13]" started-at="2025-08-28T10:21:00 WIB" name="runScenario" description="Runs Cucumber Scenarios" data-provider="scenarios" finished-at="2025-08-28T10:21:05 WIB" duration-ms="5748" status="PASS">
          <params>
            <param index="0">
              <value>
                <![CDATA["Negative Sign In"]]>
              </value>
            </param>
            <param index="1">
              <value>
                <![CDATA["Authentication Feature"]]>
              </value>
            </param>
          </params>
          <reporter-output>
          </reporter-output>
        </test-method> <!-- runScenario -->
        <test-method signature="runScenario(io.cucumber.testng.PickleWrapper,io.cucumber.testng.FeatureWrapper)[pri:0, instance:com.Tohsaka.Cucumber.runners.RunnerCuraHealthcareTest@5656be13]" started-at="2025-08-28T10:21:05 WIB" name="runScenario" description="Runs Cucumber Scenarios" data-provider="scenarios" finished-at="2025-08-28T10:21:11 WIB" duration-ms="5409" status="PASS">
          <params>
            <param index="0">
              <value>
                <![CDATA["Negative Sign In"]]>
              </value>
            </param>
            <param index="1">
              <value>
                <![CDATA["Authentication Feature"]]>
              </value>
            </param>
          </params>
          <reporter-output>
          </reporter-output>
        </test-method> <!-- runScenario -->
        <test-method signature="runScenario(io.cucumber.testng.PickleWrapper,io.cucumber.testng.FeatureWrapper)[pri:0, instance:com.Tohsaka.Cucumber.runners.RunnerCuraHealthcareTest@5656be13]" started-at="2025-08-28T10:21:11 WIB" name="runScenario" description="Runs Cucumber Scenarios" data-provider="scenarios" finished-at="2025-08-28T10:21:22 WIB" duration-ms="11456" status="PASS">
          <params>
            <param index="0">
              <value>
                <![CDATA["Positive Sign In"]]>
              </value>
            </param>
            <param index="1">
              <value>
                <![CDATA["Authentication Feature"]]>
              </value>
            </param>
          </params>
          <reporter-output>
          </reporter-output>
        </test-method> <!-- runScenario -->
        <test-method signature="runScenario(io.cucumber.testng.PickleWrapper,io.cucumber.testng.FeatureWrapper)[pri:0, instance:com.Tohsaka.Cucumber.runners.RunnerCuraHealthcareTest@5656be13]" started-at="2025-08-28T10:21:22 WIB" name="runScenario" description="Runs Cucumber Scenarios" data-provider="scenarios" finished-at="2025-08-28T10:21:36 WIB" duration-ms="13798" status="PASS">
          <params>
            <param index="0">
              <value>
                <![CDATA["Positive Booking Appointment"]]>
              </value>
            </param>
            <param index="1">
              <value>
                <![CDATA["Booking Feature"]]>
              </value>
            </param>
          </params>
          <reporter-output>
          </reporter-output>
        </test-method> <!-- runScenario -->
        <test-method signature="runScenario(io.cucumber.testng.PickleWrapper,io.cucumber.testng.FeatureWrapper)[pri:0, instance:com.Tohsaka.Cucumber.runners.RunnerCuraHealthcareTest@5656be13]" started-at="2025-08-28T10:21:36 WIB" name="runScenario" description="Runs Cucumber Scenarios" data-provider="scenarios" finished-at="2025-08-28T10:21:42 WIB" duration-ms="5782" status="PASS">
          <params>
            <param index="0">
              <value>
                <![CDATA["Positive Booking Appointment"]]>
              </value>
            </param>
            <param index="1">
              <value>
                <![CDATA["Booking Feature"]]>
              </value>
            </param>
          </params>
          <reporter-output>
          </reporter-output>
        </test-method> <!-- runScenario -->
        <test-method signature="runScenario(io.cucumber.testng.PickleWrapper,io.cucumber.testng.FeatureWrapper)[pri:0, instance:com.Tohsaka.Cucumber.runners.RunnerCuraHealthcareTest@5656be13]" started-at="2025-08-28T10:21:42 WIB" name="runScenario" description="Runs Cucumber Scenarios" data-provider="scenarios" finished-at="2025-08-28T10:21:47 WIB" duration-ms="5472" status="PASS">
          <params>
            <param index="0">
              <value>
                <![CDATA["Positive Booking Appointment"]]>
              </value>
            </param>
            <param index="1">
              <value>
                <![CDATA["Booking Feature"]]>
              </value>
            </param>
          </params>
          <reporter-output>
          </reporter-output>
        </test-method> <!-- runScenario -->
        <test-method is-config="true" signature="tearDownClass()[pri:0, instance:com.Tohsaka.Cucumber.runners.RunnerCuraHealthcareTest@5656be13]" started-at="2025-08-28T10:21:47 WIB" name="tearDownClass" finished-at="2025-08-28T10:21:49 WIB" duration-ms="1540" status="PASS">
          <reporter-output>
          </reporter-output>
        </test-method> <!-- tearDownClass -->
      </class> <!-- com.Tohsaka.Cucumber.runners.RunnerCuraHealthcareTest -->
    </test> <!-- Authentication -->
  </suite> <!-- CuraHealthcare Test Suite -->
</testng-results>
